[01:41:13] [ServerMain/INFO]: [bootstrap] Running Java 21 (OpenJDK 64-Bit Server VM 21.0.4+7-LTS; Microsoft Microsoft-9889606) on Linux 6.5.0-1025-azure (amd64)
[01:41:13] [ServerMain/INFO]: [bootstrap] Loading Paper 1.21.3-13-master@42a1901 (2024-11-05T09:59:36Z) for Minecraft 1.21.3
[01:41:13] [ServerMain/INFO]: [PluginInitializerManager] Initializing plugins...
[01:41:13] [ServerMain/INFO]: [PluginInitializerManager] Initialized 0 plugins
[01:41:17] [ServerMain/INFO]: Environment: Environment[sessionHost=https://sessionserver.mojang.com, servicesHost=https://api.minecraftservices.com, name=PROD]
[01:41:19] [ServerMain/INFO]: Loaded 1337 recipes
[01:41:19] [ServerMain/INFO]: Loaded 1448 advancements
[01:41:19] [Server thread/INFO]: Starting minecraft server version 1.21.3
[01:41:19] [Server thread/INFO]: Loading properties
[01:41:19] [Server thread/INFO]: This server is running Paper version 1.21.3-13-master@42a1901 (2024-11-05T09:59:36Z) (Implementing API version 1.21.3-R0.1-SNAPSHOT)
[01:41:20] [Server thread/INFO]: [spark] This server bundles the spark profiler. For more information please visit https://docs.papermc.io/paper/profiling
[01:41:20] [Server thread/INFO]: Server Ping Player Sample Count: 12
[01:41:20] [Server thread/INFO]: Using 4 threads for Netty based IO
[01:41:20] [Server thread/INFO]: [ca.spottedleaf.moonrise.common.util.MoonriseCommon] Paper is using 1 worker threads, 1 I/O threads
[01:41:21] [Server thread/INFO]: [ca.spottedleaf.moonrise.patches.chunk_system.scheduling.ChunkTaskScheduler] Chunk system is using population gen parallelism: true
[01:41:21] [Server thread/INFO]: Default game type: SURVIVAL
[01:41:21] [Server thread/INFO]: Generating keypair
[01:41:21] [Server thread/INFO]: Starting Minecraft server on *:25565
[01:41:21] [Server thread/INFO]: Using epoll channel type
[01:41:21] [Server thread/INFO]: Paper: Using libdeflate (Linux x86_64) compression from Velocity.
[01:41:21] [Server thread/INFO]: Paper: Using OpenSSL 1.1.x (Linux x86_64) cipher from Velocity.
[01:41:21] [Server thread/INFO]: Server permissions file permissions.yml is empty, ignoring it
[01:41:21] [Server thread/INFO]: Preparing level "world"
[01:41:21] [Server thread/INFO]: Preparing start region for dimension minecraft:overworld
[01:41:21] [Paper Common Worker #0/INFO]: [ca.spottedleaf.dataconverter.minecraft.datatypes.MCTypeRegistry] Initialising converters for DataConverter...
[01:41:22] [Paper Common Worker #0/INFO]: [ca.spottedleaf.dataconverter.minecraft.datatypes.MCTypeRegistry] Finished initialising converters for DataConverter in 309.1ms
[01:41:22] [Server thread/INFO]: Preparing spawn area: 0%
[01:41:22] [Server thread/INFO]: Preparing spawn area: 2%
[01:41:22] [Server thread/INFO]: Preparing spawn area: 26%
[01:41:22] [Server thread/INFO]: Time elapsed: 1040 ms
[01:41:22] [Server thread/INFO]: Preparing start region for dimension minecraft:the_nether
[01:41:22] [Server thread/INFO]: Preparing spawn area: 0%
[01:41:23] [Server thread/INFO]: Time elapsed: 226 ms
[01:41:23] [Server thread/INFO]: Preparing start region for dimension minecraft:the_end
[01:41:23] [Server thread/INFO]: Preparing spawn area: 0%
[01:41:23] [Server thread/INFO]: Time elapsed: 492 ms
[01:41:23] [Server thread/INFO]: [spark] Starting background profiler...
[01:41:23] [Server thread/INFO]: Done preparing level "world" (2.375s)
[01:41:23] [Server thread/INFO]: Running delayed init tasks
[01:41:23] [Server thread/INFO]: Done (11.525s)! For help, type "help"
[01:41:34] [Server thread/INFO]: Stopping server
[01:41:34] [Server thread/INFO]: Saving players
[01:41:34] [Server thread/INFO]: Saving worlds
[01:41:34] [Server thread/INFO]: Saving chunks for level 'ServerLevel[world]'/minecraft:overworld
[01:41:34] [Server thread/INFO]: [ca.spottedleaf.moonrise.patches.chunk_system.scheduling.ChunkHolderManager] Waiting 60s for chunk system to halt for world 'world'
[01:41:34] [Server thread/INFO]: [ca.spottedleaf.moonrise.patches.chunk_system.scheduling.ChunkHolderManager] Halted chunk system for world 'world'
[01:41:34] [Server thread/INFO]: [ca.spottedleaf.moonrise.patches.chunk_system.scheduling.ChunkHolderManager] Saving all chunkholders for world 'world'
[01:41:35] [Server thread/INFO]: [ca.spottedleaf.moonrise.patches.chunk_system.scheduling.ChunkHolderManager] Saved 49 block chunks, 49 entity chunks, 0 poi chunks in world 'world' in 0.29s
[01:41:35] [Server thread/INFO]: [ca.spottedleaf.moonrise.patches.chunk_system.scheduling.ChunkHolderManager] Waiting 60s for chunk I/O to halt for world 'world'
[01:41:35] [Server thread/INFO]: [ca.spottedleaf.moonrise.patches.chunk_system.scheduling.ChunkHolderManager] Halted I/O scheduler for world 'world'
[01:41:35] [Server thread/INFO]: Saving chunks for level 'ServerLevel[world_nether]'/minecraft:the_nether
[01:41:35] [Server thread/INFO]: [ca.spottedleaf.moonrise.patches.chunk_system.scheduling.ChunkHolderManager] Waiting 60s for chunk system to halt for world 'world_nether'
[01:41:35] [Server thread/INFO]: [ca.spottedleaf.moonrise.patches.chunk_system.scheduling.ChunkHolderManager] Halted chunk system for world 'world_nether'
[01:41:35] [Server thread/INFO]: [ca.spottedleaf.moonrise.patches.chunk_system.scheduling.ChunkHolderManager] Saving all chunkholders for world 'world_nether'
[01:41:35] [Server thread/INFO]: [ca.spottedleaf.moonrise.patches.chunk_system.scheduling.ChunkHolderManager] Saved 49 block chunks, 49 entity chunks, 0 poi chunks in world 'world_nether' in 0.16s
[01:41:35] [Server thread/INFO]: [ca.spottedleaf.moonrise.patches.chunk_system.scheduling.ChunkHolderManager] Waiting 60s for chunk I/O to halt for world 'world_nether'
[01:41:35] [Server thread/INFO]: [ca.spottedleaf.moonrise.patches.chunk_system.scheduling.ChunkHolderManager] Halted I/O scheduler for world 'world_nether'
[01:41:35] [Server thread/INFO]: Saving chunks for level 'ServerLevel[world_the_end]'/minecraft:the_end
[01:41:35] [Server thread/INFO]: [ca.spottedleaf.moonrise.patches.chunk_system.scheduling.ChunkHolderManager] Waiting 60s for chunk system to halt for world 'world_the_end'
[01:41:35] [Server thread/INFO]: [ca.spottedleaf.moonrise.patches.chunk_system.scheduling.ChunkHolderManager] Halted chunk system for world 'world_the_end'
[01:41:35] [Server thread/INFO]: [ca.spottedleaf.moonrise.patches.chunk_system.scheduling.ChunkHolderManager] Saving all chunkholders for world 'world_the_end'
[01:41:35] [Server thread/INFO]: [ca.spottedleaf.moonrise.patches.chunk_system.scheduling.ChunkHolderManager] Saved 49 block chunks, 49 entity chunks, 0 poi chunks in world 'world_the_end' in 0.11s
[01:41:35] [Server thread/INFO]: [ca.spottedleaf.moonrise.patches.chunk_system.scheduling.ChunkHolderManager] Waiting 60s for chunk I/O to halt for world 'world_the_end'
[01:41:35] [Server thread/INFO]: [ca.spottedleaf.moonrise.patches.chunk_system.scheduling.ChunkHolderManager] Halted I/O scheduler for world 'world_the_end'
[01:41:35] [Server thread/INFO]: ThreadedAnvilChunkStorage (world): All chunks are saved
[01:41:35] [Server thread/INFO]: ThreadedAnvilChunkStorage (DIM-1): All chunks are saved
[01:41:35] [Server thread/INFO]: ThreadedAnvilChunkStorage (DIM1): All chunks are saved
[01:41:35] [Server thread/INFO]: ThreadedAnvilChunkStorage: All dimensions are saved
[01:41:35] [Server thread/INFO]: Waiting for I/O tasks to complete...
[01:41:35] [Server thread/INFO]: All I/O tasks to complete
[01:41:35] [Server thread/INFO]: [ca.spottedleaf.moonrise.common.util.MoonriseCommon] Awaiting termination of worker pool for up to 60s...
[01:41:35] [Server thread/INFO]: [ca.spottedleaf.moonrise.common.util.MoonriseCommon] Awaiting termination of I/O pool for up to 60s...
